F:\备份GUI\GUI\GUI\X64\DEBUG\GUI.PCH
F:\备份GUI\GUI\GUI\X64\DEBUG\STDAFX.OBJ
F:\备份GUI\GUI\GUI\X64\DEBUG\VC110.PDB
F:\备份GUI\GUI\GUI\X64\DEBUG\DIBAP.OBJ
F:\备份GUI\GUI\GUI\X64\DEBUG\GUI.OBJ
F:\备份GUI\GUI\GUI\X64\DEBUG\GUIDLG.OBJ
F:\备份GUI\GUI\GUI\X64\DEBUG\GUI.RES
F:\备份GUI\GUI\GUI\x64\Debug\DIBAP.obj
F:\备份GUI\GUI\GUI\x64\Debug\GUI.obj
F:\备份GUI\GUI\GUI\x64\Debug\GUIDlg.obj
F:\备份GUI\GUI\GUI\x64\Debug\stdafx.obj
F:\备份GUI\GUI\GUI\x64\Debug\cl.command.1.tlog
F:\备份GUI\GUI\GUI\x64\Debug\CL.read.1.tlog
F:\备份GUI\GUI\GUI\x64\Debug\CL.write.1.tlog
F:\备份GUI\GUI\GUI\x64\Debug\link-cvtres.read.1.tlog
F:\备份GUI\GUI\GUI\x64\Debug\link-cvtres.write.1.tlog
F:\备份GUI\GUI\GUI\x64\Debug\link-mt.read.1.tlog
F:\备份GUI\GUI\GUI\x64\Debug\link-mt.write.1.tlog
F:\备份GUI\GUI\GUI\x64\Debug\link-rc.read.1.tlog
F:\备份GUI\GUI\GUI\x64\Debug\link-rc.write.1.tlog
F:\备份GUI\GUI\GUI\x64\Debug\link.command.1.tlog
F:\备份GUI\GUI\GUI\x64\Debug\link.read.1.tlog
F:\备份GUI\GUI\GUI\x64\Debug\link.write.1.tlog
F:\备份GUI\GUI\GUI\x64\Debug\rc.command.1.tlog
F:\备份GUI\GUI\GUI\x64\Debug\rc.read.1.tlog
F:\备份GUI\GUI\GUI\x64\Debug\rc.write.1.tlog
F:\备份GUI\GUI\GUI\x64\Debug\GUI.res
F:\备份GUI\GUI\GUI\x64\Debug\GUI.pch
F:\备份GUI\GUI\GUI\x64\Debug\vc110.idb
F:\备份GUI\GUI\GUI\x64\Debug\vc110.pdb
F:\备份GUI\GUI\x64\Debug\GUI.pdb
